Arguments: 
  /usr/bin/node /home/jrf8/.yarn/bin/yarn.js add vim-prettier

PATH: 
  /home/jrf8/.yarn/bin:/home/jrf8/.config/yarn/global/node_modules/.bin:/home/jrf8/.local/bin:/opt/ubports-installer:/usr/local/sbin:/usr/local/bin:/usr/bin:/usr/lib/jvm/default/bin:/usr/bin/site_perl:/usr/bin/vendor_perl:/usr/bin/core_perl

Yarn version: 
  1.22.19

Node version: 
  18.5.0

Platform: 
  linux x64

Trace: 
  Error: https://registry.yarnpkg.com/vim-prettier: Not found
      at params.callback [as _callback] (/home/jrf8/.yarn/lib/cli.js:66145:18)
      at self.callback (/home/jrf8/.yarn/lib/cli.js:140890:22)
      at Request.emit (node:events:537:28)
      at Request.<anonymous> (/home/jrf8/.yarn/lib/cli.js:141862:10)
      at Request.emit (node:events:537:28)
      at IncomingMessage.<anonymous> (/home/jrf8/.yarn/lib/cli.js:141784:12)
      at Object.onceWrapper (node:events:651:28)
      at IncomingMessage.emit (node:events:549:35)
      at endReadableNT (node:internal/streams/readable:1359:12)
      at process.processTicksAndRejections (node:internal/process/task_queues:82:21)

npm manifest: 
  No manifest

yarn manifest: 
  No manifest

Lockfile: 
  No lockfile
